\BOOKMARK [1][-]{section.1}{Processes and Procedures}{}% 1
\BOOKMARK [2][-]{subsection.1.1}{Operational Plans}{section.1}% 2
\BOOKMARK [2][-]{subsection.1.2}{Facility Requests}{section.1}% 3
\BOOKMARK [2][-]{subsection.1.3}{Volunteer Responsibilities}{section.1}% 4
\BOOKMARK [3][-]{subsubsection.1.3.1}{Ardent Facilities}{subsection.1.3}% 5
\BOOKMARK [2][-]{subsection.1.4}{Organization and Hierarchy}{section.1}% 6
\BOOKMARK [2][-]{subsection.1.5}{Job Responsibilities}{section.1}% 7
\BOOKMARK [2][-]{subsection.1.6}{Registration and Membership}{section.1}% 8
\BOOKMARK [1][-]{section.2}{Communications and Repository}{}% 9
\BOOKMARK [2][-]{subsection.2.1}{Communication by Email}{section.2}% 10
\BOOKMARK [2][-]{subsection.2.2}{Communication and Workflow Tools}{section.2}% 11
\BOOKMARK [3][-]{subsubsection.2.2.1}{Slack}{subsection.2.2}% 12
\BOOKMARK [3][-]{subsubsection.2.2.2}{Trello}{subsection.2.2}% 13
\BOOKMARK [3][-]{subsubsection.2.2.3}{Google Drive}{subsection.2.2}% 14
\BOOKMARK [1][-]{section.3}{Inventory and Materials}{}% 15
\BOOKMARK [1][-]{section.4}{Chapters and Subsidiaries}{}% 16
\BOOKMARK [1][-]{section.5}{Junior Coding Department}{}% 17
\BOOKMARK [2][-]{subsection.5.1}{Instructional Procedures}{section.5}% 18
\BOOKMARK [2][-]{subsection.5.2}{Scratch}{section.5}% 19
\BOOKMARK [3][-]{subsubsection.5.2.1}{Curriculum}{subsection.5.2}% 20
\BOOKMARK [2][-]{subsection.5.3}{JavaScript}{section.5}% 21
\BOOKMARK [3][-]{subsubsection.5.3.1}{Curriculum}{subsection.5.3}% 22
\BOOKMARK [1][-]{section.6}{Girls Who Code Department}{}% 23
\BOOKMARK [1][-]{section.7}{Senior Center Department}{}% 24
\BOOKMARK [1][-]{section.8}{Events Department}{}% 25
\BOOKMARK [2][-]{subsection.8.1}{STEAM in the Park}{section.8}% 26
\BOOKMARK [2][-]{subsection.8.2}{Hour of Code}{section.8}% 27
\BOOKMARK [2][-]{subsection.8.3}{SFA Open House}{section.8}% 28
